Start testing: Dec 09 09:30 IST
----------------------------------------------------------
1/1 Testing: fs_tests
1/1 Test: fs_tests
Command: "/home/yohay/projects/file_system/file_system/build/fs_tests"
Directory: /home/yohay/projects/file_system/file_system/build
"fs_tests" start time: Dec 09 09:30 IST
Output:
----------------------------------------------------------
Running main() from /home/yohay/projects/file_system/file_system/build/_deps/googletest-src/googletest/src/gtest_main.cc
[==========] Running 2 tests from 1 test suite.
[----------] Global test environment set-up.
[----------] 2 tests from InMemoryBlockDeviceTest
[ RUN      ] InMemoryBlockDeviceTest.totalBlocks
[       OK ] InMemoryBlockDeviceTest.totalBlocks (0 ms)
[ RUN      ] InMemoryBlockDeviceTest.readWriteTest
[       OK ] InMemoryBlockDeviceTest.readWriteTest (0 ms)
[----------] 2 tests from InMemoryBlockDeviceTest (0 ms total)

[----------] Global test environment tear-down
[==========] 2 tests from 1 test suite ran. (0 ms total)
[  PASSED  ] 2 tests.
<end of output>
Test time =   0.00 sec
----------------------------------------------------------
Test Passed.
"fs_tests" end time: Dec 09 09:30 IST
"fs_tests" time elapsed: 00:00:00
----------------------------------------------------------

End testing: Dec 09 09:30 IST
